#
# There is insufficient memory for the Java Runtime Environment to continue.
# Native memory allocation (malloc) failed to allocate 131088 bytes for Chunk::new
# Possible reasons:
#   The system is out of physical RAM or swap space
#   In 32 bit mode, the process size limit was hit
# Possible solutions:
#   Reduce memory load on the system
#   Increase physical memory or swap space
#   Check if swap backing store is full
#   Use 64 bit Java on a 64 bit OS
#   Decrease Java heap size (-Xmx/-Xms)
#   Decrease number of Java threads
#   Decrease Java thread stack sizes (-Xss)
#   Set larger code cache with -XX:ReservedCodeCacheSize=
# This output file may be truncated or incomplete.
#
#  Out of Memory Error (allocation.cpp:390), pid=24656, tid=0x0000000000003c08
#
# JRE version: Java(TM) SE Runtime Environment (8.0_161-b12) (build 1.8.0_161-b12)
# Java VM: Java HotSpot(TM) 64-Bit Server VM (25.161-b12 mixed mode windows-amd64 compressed oops)
# Failed to write core dump. Minidumps are not enabled by default on client versions of Windows
#

---------------  T H R E A D  ---------------

Current thread (0x0000000018449000):  JavaThread "C2 CompilerThread1" daemon [_thread_in_native, id=15368, stack(0x0000000018940000,0x0000000018a40000)]

Stack: [0x0000000018940000,0x0000000018a40000]
[error occurred during error reporting (printing stack bounds), id 0xc0000005]

Native frames: (J=compiled Java code, j=interpreted, Vv=VM code, C=native code)


Current CompileTask:
C2:  13722 2256       4       java.net.URLClassLoader$1::run (5 bytes)


---------------  P R O C E S S  ---------------

Java Threads: ( => current thread )
  0x0000000025767000 JavaThread "pool-2-thread-1" [_thread_blocked, id=5768, stack(0x0000000026720000,0x0000000026820000)]
  0x0000000018d7f000 JavaThread "Abandoned connection cleanup thread" daemon [_thread_blocked, id=24648, stack(0x0000000026420000,0x0000000026520000)]
  0x0000000018d83800 JavaThread "Prism Font Disposer" daemon [_thread_blocked, id=8672, stack(0x0000000020c60000,0x0000000020d60000)]
  0x0000000018d82000 JavaThread "Thread-3" daemon [_thread_in_native, id=34636, stack(0x000000001e2c0000,0x000000001e3c0000)]
  0x0000000018d81800 JavaThread "JavaFX-Launcher" [_thread_blocked, id=24220, stack(0x000000001e3c0000,0x000000001e4c0000)]
  0x0000000018d7d800 JavaThread "JavaFX Application Thread" [_thread_in_vm, id=16348, stack(0x0000000019a30000,0x0000000019b30000)]
  0x0000000018d84800 JavaThread "Thread-1" daemon [_thread_blocked, id=20044, stack(0x0000000019930000,0x0000000019a30000)]
  0x0000000018d80000 JavaThread "QuantumRenderer-0" daemon [_thread_blocked, id=18528, stack(0x0000000019650000,0x0000000019750000)]
  0x0000000018517000 JavaThread "Service Thread" daemon [_thread_blocked, id=476, stack(0x0000000018b40000,0x0000000018c40000)]
  0x000000001844a800 JavaThread "C1 CompilerThread2" daemon [_thread_blocked, id=23360, stack(0x0000000018a40000,0x0000000018b40000)]
=>0x0000000018449000 JavaThread "C2 CompilerThread1" daemon [_thread_in_native, id=15368, stack(0x0000000018940000,0x0000000018a40000)]
  0x0000000018441000 JavaThread "C2 CompilerThread0" daemon [_thread_in_native, id=2512, stack(0x0000000018840000,0x0000000018940000)]
  0x0000000018452800 JavaThread "Monitor Ctrl-Break" daemon [_thread_in_native, id=18380, stack(0x0000000018740000,0x0000000018840000)]
  0x0000000016cef000 JavaThread "Attach Listener" daemon [_thread_blocked, id=19336, stack(0x0000000018240000,0x0000000018340000)]
  0x0000000016cee000 JavaThread "Signal Dispatcher" daemon [_thread_blocked, id=26212, stack(0x0000000018140000,0x0000000018240000)]
  0x0000000016cdf000 JavaThread "Finalizer" daemon [_thread_blocked, id=34728, stack(0x0000000017f40000,0x0000000018040000)]
  0x00000000046c5000 JavaThread "Reference Handler" daemon [_thread_blocked, id=18812, stack(0x0000000017e40000,0x0000000017f40000)]
  0x00000000045d4000 JavaThread "main" [_thread_blocked, id=20372, stack(0x00000000042d0000,0x00000000043d0000)]

Other Threads:
  0x0000000016cb8000 VMThread [stack: 0x0000000017d40000,0x0000000017e40000] [id=32120]
  0x000000001857d000 WatcherThread [stack: 0x0000000018c40000,0x0000000018d40000] [id=18160]

VM state:not at safepoint (normal execution)

VM Mutex/Monitor currently owned by a thread: None

Heap:
 PSYoungGen      total 66560K, used 7935K [0x00000000eb100000, 0x00000000f1500000, 0x0000000100000000)
  eden space 58368K, 13% used [0x00000000eb100000,0x00000000eb8bfff0,0x00000000eea00000)
  from space 8192K, 0% used [0x00000000eea00000,0x00000000eea00000,0x00000000ef200000)
  to   space 8192K, 0% used [0x00000000f0d00000,0x00000000f0d00000,0x00000000f1500000)
 ParOldGen       total 47104K, used 14335K [0x00000000c1200000, 0x00000000c4000000, 0x00000000eb100000)
  object space 47104K, 30% used [0x00000000c1200000,0x00000000c1ffff98,0x00000000c4000000)
 Metaspace       used 35170K, capacity 36170K, committed 36568K, reserved 1081344K
  class space    used 5048K, capacity 5296K, committed 5336K, reserved 1048576K

Card table byte_map: [0x0000000013a90000,0x0000000013c90000] byte_map_base: 0x0000000013487000

Marking Bits: (ParMarkBitMap*) 0x000000006ccff860
 Begin Bits: [0x00000000141e0000, 0x0000000015198000)
 End Bits:   [0x0000000015198000, 0x0000000016150000)

Polling page: 0x0000000002430000

CodeCache: size=245760Kb used=7422Kb max_used=7429Kb free=238337Kb
 bounds [0x00000000046d0000, 0x0000000004e20000, 0x00000000136d0000]
 total_blobs=3059 nmethods=2259 adapters=712
 compilation: enabled

Compilation events (10 events):
Event: 13.560 Thread 0x0000000018449000 nmethod 2252 0x0000000004e14290 code [0x0000000004e14420, 0x0000000004e14f98]
Event: 13.560 Thread 0x0000000018449000 2255   !   4       java.net.URLClassLoader::findClass (47 bytes)
Event: 13.563 Thread 0x0000000018449000 nmethod 2255 0x0000000004e10f10 code [0x0000000004e110a0, 0x0000000004e11298]
Event: 13.563 Thread 0x0000000018449000 2256       4       java.net.URLClassLoader$1::run (5 bytes)
Event: 13.642 Thread 0x000000001844a800 2258       3       java.lang.Class::getDeclaringClass (22 bytes)
Event: 13.643 Thread 0x000000001844a800 nmethod 2258 0x0000000004e13c10 code [0x0000000004e13da0, 0x0000000004e14128]
Event: 13.645 Thread 0x000000001844a800 2260       3       java.lang.Byte::valueOf (10 bytes)
Event: 13.645 Thread 0x000000001844a800 nmethod 2260 0x0000000004e10ad0 code [0x0000000004e10c20, 0x0000000004e10d90]
Event: 13.671 Thread 0x000000001844a800 2262       1       sun.util.locale.BaseLocale::getVariant (5 bytes)
Event: 13.671 Thread 0x000000001844a800 nmethod 2262 0x0000000004e13950 code [0x0000000004e13aa0, 0x0000000004e13bb0]

GC Heap History (10 events):
Event: 10.621 GC heap before
{Heap before GC invocations=7 (full 1):
 PSYoungGen      total 39936K, used 4631K [0x00000000eb100000, 0x00000000edf00000, 0x0000000100000000)
  eden space 32768K, 0% used [0x00000000eb100000,0x00000000eb100000,0x00000000ed100000)
  from space 7168K, 64% used [0x00000000ed800000,0x00000000edc85f88,0x00000000edf00000)
  to   space 7168K, 0% used [0x00000000ed100000,0x00000000ed100000,0x00000000ed800000)
 ParOldGen       total 44032K, used 6591K [0x00000000c1200000, 0x00000000c3d00000, 0x00000000eb100000)
  object space 44032K, 14% used [0x00000000c1200000,0x00000000c186fe68,0x00000000c3d00000)
 Metaspace       used 20224K, capacity 21118K, committed 21248K, reserved 1067008K
  class space    used 2987K, capacity 3214K, committed 3328K, reserved 1048576K
Event: 10.688 GC heap after
Heap after GC invocations=7 (full 1):
 PSYoungGen      total 39936K, used 0K [0x00000000eb100000, 0x00000000edf00000, 0x0000000100000000)
  eden space 32768K, 0% used [0x00000000eb100000,0x00000000eb100000,0x00000000ed100000)
  from space 7168K, 0% used [0x00000000ed800000,0x00000000ed800000,0x00000000edf00000)
  to   space 7168K, 0% used [0x00000000ed100000,0x00000000ed100000,0x00000000ed800000)
 ParOldGen       total 34304K, used 10555K [0x00000000c1200000, 0x00000000c3380000, 0x00000000eb100000)
  object space 34304K, 30% used [0x00000000c1200000,0x00000000c1c4efc8,0x00000000c3380000)
 Metaspace       used 20224K, capacity 21118K, committed 21248K, reserved 1067008K
  class space    used 2987K, capacity 3214K, committed 3328K, reserved 1048576K
}
Event: 11.914 GC heap before
{Heap before GC invocations=8 (full 1):
 PSYoungGen      total 39936K, used 32768K [0x00000000eb100000, 0x00000000edf00000, 0x0000000100000000)
  eden space 32768K, 100% used [0x00000000eb100000,0x00000000ed100000,0x00000000ed100000)
  from space 7168K, 0% used [0x00000000ed800000,0x00000000ed800000,0x00000000edf00000)
  to   space 7168K, 0% used [0x00000000ed100000,0x00000000ed100000,0x00000000ed800000)
 ParOldGen       total 34304K, used 10555K [0x00000000c1200000, 0x00000000c3380000, 0x00000000eb100000)
  object space 34304K, 30% used [0x00000000c1200000,0x00000000c1c4efc8,0x00000000c3380000)
 Metaspace       used 27910K, capacity 28918K, committed 29184K, reserved 1075200K
  class space    used 4067K, capacity 4290K, committed 4352K, reserved 1048576K
Event: 11.922 GC heap after
Heap after GC invocations=8 (full 1):
 PSYoungGen      total 39936K, used 4938K [0x00000000eb100000, 0x00000000ef900000, 0x0000000100000000)
  eden space 32768K, 0% used [0x00000000eb100000,0x00000000eb100000,0x00000000ed100000)
  from space 7168K, 68% used [0x00000000ed100000,0x00000000ed5d2988,0x00000000ed800000)
  to   space 7168K, 0% used [0x00000000ef200000,0x00000000ef200000,0x00000000ef900000)
 ParOldGen       total 34304K, used 10563K [0x00000000c1200000, 0x00000000c3380000, 0x00000000eb100000)
  object space 34304K, 30% used [0x00000000c1200000,0x00000000c1c50fc8,0x00000000c3380000)
 Metaspace       used 27910K, capacity 28918K, committed 29184K, reserved 1075200K
  class space    used 4067K, capacity 4290K, committed 4352K, reserved 1048576K
}
Event: 12.839 GC heap before
{Heap before GC invocations=9 (full 1):
 PSYoungGen      total 39936K, used 37706K [0x00000000eb100000, 0x00000000ef900000, 0x0000000100000000)
  eden space 32768K, 100% used [0x00000000eb100000,0x00000000ed100000,0x00000000ed100000)
  from space 7168K, 68% used [0x00000000ed100000,0x00000000ed5d2988,0x00000000ed800000)
  to   space 7168K, 0% used [0x00000000ef200000,0x00000000ef200000,0x00000000ef900000)
 ParOldGen       total 34304K, used 10563K [0x00000000c1200000, 0x00000000c3380000, 0x00000000eb100000)
  object space 34304K, 30% used [0x00000000c1200000,0x00000000c1c50fc8,0x00000000c3380000)
 Metaspace       used 32490K, capacity 33482K, committed 33920K, reserved 1079296K
  class space    used 4657K, capacity 4870K, committed 4992K, reserved 1048576K
Event: 12.851 GC heap after
Heap after GC invocations=9 (full 1):
 PSYoungGen      total 65536K, used 6751K [0x00000000eb100000, 0x00000000efa80000, 0x0000000100000000)
  eden space 58368K, 0% used [0x00000000eb100000,0x00000000eb100000,0x00000000eea00000)
  from space 7168K, 94% used [0x00000000ef200000,0x00000000ef897d20,0x00000000ef900000)
  to   space 8192K, 0% used [0x00000000eea00000,0x00000000eea00000,0x00000000ef200000)
 ParOldGen       total 34304K, used 10571K [0x00000000c1200000, 0x00000000c3380000, 0x00000000eb100000)
  object space 34304K, 30% used [0x00000000c1200000,0x00000000c1c52fc8,0x00000000c3380000)
 Metaspace       used 32490K, capacity 33482K, committed 33920K, reserved 1079296K
  class space    used 4657K, capacity 4870K, committed 4992K, reserved 1048576K
}
Event: 13.350 GC heap before
{Heap before GC invocations=10 (full 1):
 PSYoungGen      total 65536K, used 24867K [0x00000000eb100000, 0x00000000efa80000, 0x0000000100000000)
  eden space 58368K, 31% used [0x00000000eb100000,0x00000000ec2b1060,0x00000000eea00000)
  from space 7168K, 94% used [0x00000000ef200000,0x00000000ef897d20,0x00000000ef900000)
  to   space 8192K, 0% used [0x00000000eea00000,0x00000000eea00000,0x00000000ef200000)
 ParOldGen       total 34304K, used 10571K [0x00000000c1200000, 0x00000000c3380000, 0x00000000eb100000)
  object space 34304K, 30% used [0x00000000c1200000,0x00000000c1c52fc8,0x00000000c3380000)
 Metaspace       used 34251K, capacity 35192K, committed 35416K, reserved 1079296K
  class space    used 4934K, capacity 5163K, committed 5208K, reserved 1048576K
Event: 13.360 GC heap after
Heap after GC invocations=10 (full 1):
 PSYoungGen      total 66560K, used 5694K [0x00000000eb100000, 0x00000000f1500000, 0x0000000100000000)
  eden space 58368K, 0% used [0x00000000eb100000,0x00000000eb100000,0x00000000eea00000)
  from space 8192K, 69% used [0x00000000eea00000,0x00000000eef8fa08,0x00000000ef200000)
  to   space 8192K, 0% used [0x00000000f0d00000,0x00000000f0d00000,0x00000000f1500000)
 ParOldGen       total 34304K, used 10579K [0x00000000c1200000, 0x00000000c3380000, 0x00000000eb100000)
  object space 34304K, 30% used [0x00000000c1200000,0x00000000c1c54fc8,0x00000000c3380000)
 Metaspace       used 34251K, capacity 35192K, committed 35416K, reserved 1079296K
  class space    used 4934K, capacity 5163K, committed 5208K, reserved 1048576K
}
Event: 13.361 GC heap before
{Heap before GC invocations=11 (full 2):
 PSYoungGen      total 66560K, used 5694K [0x00000000eb100000, 0x00000000f1500000, 0x0000000100000000)
  eden space 58368K, 0% used [0x00000000eb100000,0x00000000eb100000,0x00000000eea00000)
  from space 8192K, 69% used [0x00000000eea00000,0x00000000eef8fa08,0x00000000ef200000)
  to   space 8192K, 0% used [0x00000000f0d00000,0x00000000f0d00000,0x00000000f1500000)
 ParOldGen       total 34304K, used 10579K [0x00000000c1200000, 0x00000000c3380000, 0x00000000eb100000)
  object space 34304K, 30% used [0x00000000c1200000,0x00000000c1c54fc8,0x00000000c3380000)
 Metaspace       used 34251K, capacity 35192K, committed 35416K, reserved 1079296K
  class space    used 4934K, capacity 5163K, committed 5208K, reserved 1048576K
Event: 13.456 GC heap after
Heap after GC invocations=11 (full 2):
 PSYoungGen      total 66560K, used 0K [0x00000000eb100000, 0x00000000f1500000, 0x0000000100000000)
  eden space 58368K, 0% used [0x00000000eb100000,0x00000000eb100000,0x00000000eea00000)
  from space 8192K, 0% used [0x00000000eea00000,0x00000000eea00000,0x00000000ef200000)
  to   space 8192K, 0% used [0x00000000f0d00000,0x00000000f0d00000,0x00000000f1500000)
 ParOldGen       total 47104K, used 14335K [0x00000000c1200000, 0x00000000c4000000, 0x00000000eb100000)
  object space 47104K, 30% used [0x00000000c1200000,0x00000000c1ffff98,0x00000000c4000000)
 Metaspace       used 34251K, capacity 35192K, committed 35416K, reserved 1079296K
  class space    used 4934K, capacity 5163K, committed 5208K, reserved 1048576K
}

Deoptimization events (10 events):
Event: 10.823 Thread 0x0000000018d7d800 Uncommon trap: reason=bimorphic action=maybe_recompile pc=0x0000000004a43954 method=java.io.DataInputStream.readShort()S @ 4
Event: 10.823 Thread 0x0000000018d7d800 Uncommon trap: reason=bimorphic action=maybe_recompile pc=0x0000000004a43954 method=java.io.DataInputStream.readShort()S @ 4
Event: 10.823 Thread 0x0000000018d7d800 Uncommon trap: reason=bimorphic action=maybe_recompile pc=0x0000000004a43954 method=java.io.DataInputStream.readShort()S @ 4
Event: 10.901 Thread 0x0000000018d7d800 Uncommon trap: reason=unstable_if action=reinterpret pc=0x0000000004936c88 method=java.lang.AbstractStringBuilder.append(Ljava/lang/String;)Ljava/lang/AbstractStringBuilder; @ 1
Event: 11.302 Thread 0x0000000018d7d800 Uncommon trap: reason=unstable_if action=reinterpret pc=0x00000000048ed620 method=java.lang.AbstractStringBuilder.append(Ljava/lang/String;)Ljava/lang/AbstractStringBuilder; @ 1
Event: 11.322 Thread 0x0000000018d7d800 Uncommon trap: reason=unstable_if action=reinterpret pc=0x00000000049c2344 method=sun.nio.cs.UTF_8$Decoder.decode([BII[C)I @ 30
Event: 11.563 Thread 0x0000000018d7d800 Uncommon trap: reason=predicate action=maybe_recompile pc=0x0000000004c1ddfc method=sun.net.www.ParseUtil.encodePath(Ljava/lang/String;Z)Ljava/lang/String; @ 36
Event: 11.899 Thread 0x0000000018d7d800 Uncommon trap: reason=bimorphic action=maybe_recompile pc=0x0000000004c4ff80 method=java.util.HashMap.putVal(ILjava/lang/Object;Ljava/lang/Object;ZZ)Ljava/lang/Object; @ 203
Event: 12.034 Thread 0x0000000018d7d800 Uncommon trap: reason=unstable_if action=reinterpret pc=0x00000000048fe618 method=sun.nio.cs.UTF_8$Encoder.encode([CII[B)I @ 33
Event: 12.169 Thread 0x0000000018d7d800 Uncommon trap: reason=unstable_if action=reinterpret pc=0x0000000004c36088 method=java.io.WinNTFileSystem.normalize(Ljava/lang/String;)Ljava/lang/String; @ 128

Classes redefined (0 events):
No events

Internal exceptions (10 events):
Event: 2.046 Thread 0x0000000018d7d800 Exception <a 'java/lang/ArrayIndexOutOfBoundsException'> (0x00000000eba9bcb0) thrown at [C:\re\workspace\8-2-build-windows-amd64-cygwin\jdk8u161\10277\hotspot\src\share\vm\runtime\sharedRuntime.cpp, line 605]
Event: 2.052 Thread 0x0000000018d7d800 Exception <a 'java/lang/ArrayIndexOutOfBoundsException'> (0x00000000ebab86d8) thrown at [C:\re\workspace\8-2-build-windows-amd64-cygwin\jdk8u161\10277\hotspot\src\share\vm\runtime\sharedRuntime.cpp, line 605]
Event: 2.248 Thread 0x0000000018d7d800 Exception <a 'java/io/FileNotFoundException'> (0x00000000ebd90250) thrown at [C:\re\workspace\8-2-build-windows-amd64-cygwin\jdk8u161\10277\hotspot\src\share\vm\prims\jni.cpp, line 709]
Event: 2.861 Thread 0x0000000018d7d800 Exception <a 'java/io/FileNotFoundException'> (0x00000000eb877c48) thrown at [C:\re\workspace\8-2-build-windows-amd64-cygwin\jdk8u161\10277\hotspot\src\share\vm\prims\jni.cpp, line 709]
Event: 10.606 Thread 0x0000000018d7d800 Exception <a 'java/lang/ClassNotFoundException': com/sun/org/glassfish/hk2/osgiresourcelocator/ServiceLoader> (0x00000000ebef9cb8) thrown at [C:\re\workspace\8-2-build-windows-amd64-cygwin\jdk8u161\10277\hotspot\src\share\vm\classfile\systemDictionary.cpp
Event: 10.691 Thread 0x0000000018d7d800 Exception <a 'java/lang/NullPointerException'> (0x00000000eb108068) thrown at [C:\re\workspace\8-2-build-windows-amd64-cygwin\jdk8u161\10277\hotspot\src\share\vm\interpreter\linkResolver.cpp, line 1287]
Event: 10.751 Thread 0x0000000018d7d800 Exception <a 'java/lang/ArrayIndexOutOfBoundsException': 67> (0x00000000eb22d428) thrown at [C:\re\workspace\8-2-build-windows-amd64-cygwin\jdk8u161\10277\hotspot\src\share\vm\interpreter\interpreterRuntime.cpp, line 366]
Event: 10.752 Thread 0x0000000018d7d800 Exception <a 'java/lang/ArrayIndexOutOfBoundsException': 65> (0x00000000eb22ece0) thrown at [C:\re\workspace\8-2-build-windows-amd64-cygwin\jdk8u161\10277\hotspot\src\share\vm\interpreter\interpreterRuntime.cpp, line 366]
Event: 10.901 Thread 0x0000000018d7d800 Implicit null exception at 0x00000000049368d6 to 0x0000000004936c71
Event: 11.302 Thread 0x0000000018d7d800 Implicit null exception at 0x00000000048ed254 to 0x00000000048ed609

Events (10 events):
Event: 13.707 loading class org/hibernate/internal/CoreMessageLogger_$logger_en
Event: 13.707 loading class org/hibernate/internal/CoreMessageLogger_$logger_en done
Event: 13.709 loading class org/hibernate/engine/internal/NaturalIdXrefDelegate
Event: 13.709 loading class org/hibernate/engine/internal/NaturalIdXrefDelegate done
Event: 13.711 loading class org/hibernate/engine/internal/StatefulPersistenceContext$1
Event: 13.711 loading class org/hibernate/engine/internal/StatefulPersistenceContext$1 done
Event: 13.712 loading class org/hibernate/internal/util/collections/ConcurrentReferenceHashMap
Event: 13.712 loading class org/hibernate/internal/util/collections/ConcurrentReferenceHashMap done
Event: 13.715 loading class org/hibernate/internal/util/collections/ConcurrentReferenceHashMap$ReferenceType
Event: 13.715 loading class org/hibernate/internal/util/collections/ConcurrentReferenceHashMap$ReferenceType done


Dynamic libraries:
0x00007ff638460000 - 0x00007ff638497000 	C:\Program Files\Java\jdk1.8.0_161\bin\java.exe
0x00007ffd89da0000 - 0x00007ffd89f80000 	C:\WINDOWS\SYSTEM32\ntdll.dll
0x00007ffd87b50000 - 0x00007ffd87bfe000 	C:\WINDOWS\System32\KERNEL32.DLL
0x00007ffd86470000 - 0x00007ffd866d6000 	C:\WINDOWS\System32\KERNELBASE.dll
0x00007ffd89a70000 - 0x00007ffd89b11000 	C:\WINDOWS\System32\ADVAPI32.dll
0x00007ffd87490000 - 0x00007ffd8752d000 	C:\WINDOWS\System32\msvcrt.dll
0x00007ffd87cd0000 - 0x00007ffd87d2b000 	C:\WINDOWS\System32\sechost.dll
0x00007ffd89b20000 - 0x00007ffd89c3f000 	C:\WINDOWS\System32\RPCRT4.dll
0x00007ffd87680000 - 0x00007ffd8780f000 	C:\WINDOWS\System32\USER32.dll
0x00007ffd871a0000 - 0x00007ffd871c0000 	C:\WINDOWS\System32\win32u.dll
0x00007ffd87810000 - 0x00007ffd87838000 	C:\WINDOWS\System32\GDI32.dll
0x00007ffd861f0000 - 0x00007ffd86383000 	C:\WINDOWS\System32\gdi32full.dll
0x00007ffd87000000 - 0x00007ffd8709b000 	C:\WINDOWS\System32\msvcp_win.dll
0x00007ffd870a0000 - 0x00007ffd87196000 	C:\WINDOWS\System32\ucrtbase.dll
0x00007ffd71dc0000 - 0x00007ffd72029000 	C:\WINDOWS\WinSxS\amd64_microsoft.windows.common-controls_6595b64144ccf1df_6.0.16299.309_none_15cfd4c4935e6b11\COMCTL32.dll
0x00007ffd87840000 - 0x00007ffd87b48000 	C:\WINDOWS\System32\combase.dll
0x00007ffd86390000 - 0x00007ffd86402000 	C:\WINDOWS\System32\bcryptPrimitives.dll
0x00007ffd87270000 - 0x00007ffd8729d000 	C:\WINDOWS\System32\IMM32.DLL
0x000000006dac0000 - 0x000000006db92000 	C:\Program Files\Java\jdk1.8.0_161\jre\bin\msvcr100.dll
0x000000006c4e0000 - 0x000000006cd7f000 	C:\Program Files\Java\jdk1.8.0_161\jre\bin\server\jvm.dll
0x00007ffd873b0000 - 0x00007ffd873b8000 	C:\WINDOWS\System32\PSAPI.DLL
0x00007ffd6ea70000 - 0x00007ffd6ea79000 	C:\WINDOWS\SYSTEM32\WSOCK32.dll
0x00007ffd7ad40000 - 0x00007ffd7ad63000 	C:\WINDOWS\SYSTEM32\WINMM.dll
0x00007ffd88180000 - 0x00007ffd881ec000 	C:\WINDOWS\System32\WS2_32.dll
0x00007ffd724b0000 - 0x00007ffd724ba000 	C:\WINDOWS\SYSTEM32\VERSION.dll
0x00007ffd7ad10000 - 0x00007ffd7ad3a000 	C:\WINDOWS\SYSTEM32\winmmbase.dll
0x00007ffd861a0000 - 0x00007ffd861ea000 	C:\WINDOWS\System32\cfgmgr32.dll
0x000000006dab0000 - 0x000000006dabf000 	C:\Program Files\Java\jdk1.8.0_161\jre\bin\verify.dll
0x000000006da80000 - 0x000000006daa9000 	C:\Program Files\Java\jdk1.8.0_161\jre\bin\java.dll
0x000000006da30000 - 0x000000006da53000 	C:\Program Files\Java\jdk1.8.0_161\jre\bin\instrument.dll
0x000000006da60000 - 0x000000006da76000 	C:\Program Files\Java\jdk1.8.0_161\jre\bin\zip.dll
0x00007ffd88630000 - 0x00007ffd89a66000 	C:\WINDOWS\System32\SHELL32.dll
0x00007ffd87c20000 - 0x00007ffd87cc6000 	C:\WINDOWS\System32\shcore.dll
0x00007ffd866e0000 - 0x00007ffd86e27000 	C:\WINDOWS\System32\windows.storage.dll
0x00007ffd88400000 - 0x00007ffd88451000 	C:\WINDOWS\System32\shlwapi.dll
0x00007ffd86130000 - 0x00007ffd86141000 	C:\WINDOWS\System32\kernel.appcore.dll
0x00007ffd86150000 - 0x00007ffd8619c000 	C:\WINDOWS\System32\powrprof.dll
0x00007ffd86110000 - 0x00007ffd8612b000 	C:\WINDOWS\System32\profapi.dll
0x00007ffd7ada0000 - 0x00007ffd7adba000 	C:\Program Files\JetBrains\IntelliJ IDEA 2018.1\bin\breakgen64.dll
0x000000006da10000 - 0x000000006da2a000 	C:\Program Files\Java\jdk1.8.0_161\jre\bin\net.dll
0x00007ffd85980000 - 0x00007ffd859e6000 	C:\WINDOWS\system32\mswsock.dll
0x00000000029a0000 - 0x00000000029a3000 	C:\Program Files\Java\jdk1.8.0_161\jre\bin\api-ms-win-core-console-l1-1-0.dll
0x00000000029b0000 - 0x00000000029b3000 	C:\Program Files\Java\jdk1.8.0_161\jre\bin\api-ms-win-core-datetime-l1-1-0.dll
0x00000000029c0000 - 0x00000000029c3000 	C:\Program Files\Java\jdk1.8.0_161\jre\bin\api-ms-win-core-debug-l1-1-0.dll
0x00000000029d0000 - 0x00000000029d3000 	C:\Program Files\Java\jdk1.8.0_161\jre\bin\api-ms-win-core-errorhandling-l1-1-0.dll
0x00000000029e0000 - 0x00000000029e4000 	C:\Program Files\Java\jdk1.8.0_161\jre\bin\api-ms-win-core-file-l1-1-0.dll
0x00000000029f0000 - 0x00000000029f3000 	C:\Program Files\Java\jdk1.8.0_161\jre\bin\api-ms-win-core-file-l1-2-0.dll
0x0000000002a00000 - 0x0000000002a03000 	C:\Program Files\Java\jdk1.8.0_161\jre\bin\api-ms-win-core-file-l2-1-0.dll
0x0000000002a10000 - 0x0000000002a13000 	C:\Program Files\Java\jdk1.8.0_161\jre\bin\api-ms-win-core-handle-l1-1-0.dll
0x0000000002a20000 - 0x0000000002a23000 	C:\Program Files\Java\jdk1.8.0_161\jre\bin\api-ms-win-core-heap-l1-1-0.dll
0x0000000002a30000 - 0x0000000002a33000 	C:\Program Files\Java\jdk1.8.0_161\jre\bin\api-ms-win-core-interlocked-l1-1-0.dll
0x0000000002a40000 - 0x0000000002a43000 	C:\Program Files\Java\jdk1.8.0_161\jre\bin\api-ms-win-core-libraryloader-l1-1-0.dll
0x0000000002a50000 - 0x0000000002a53000 	C:\Program Files\Java\jdk1.8.0_161\jre\bin\api-ms-win-core-localization-l1-2-0.dll
0x0000000002a60000 - 0x0000000002a63000 	C:\Program Files\Java\jdk1.8.0_161\jre\bin\api-ms-win-core-memory-l1-1-0.dll
0x0000000002a70000 - 0x0000000002a73000 	C:\Program Files\Java\jdk1.8.0_161\jre\bin\api-ms-win-core-namedpipe-l1-1-0.dll
0x0000000002a90000 - 0x0000000002a93000 	C:\Program Files\Java\jdk1.8.0_161\jre\bin\api-ms-win-core-processenvironment-l1-1-0.dll
0x0000000002aa0000 - 0x0000000002aa3000 	C:\Program Files\Java\jdk1.8.0_161\jre\bin\api-ms-win-core-processthreads-l1-1-0.dll
0x0000000002ab0000 - 0x0000000002ab3000 	C:\Program Files\Java\jdk1.8.0_161\jre\bin\api-ms-win-core-processthreads-l1-1-1.dll
0x0000000002ac0000 - 0x0000000002ac3000 	C:\Program Files\Java\jdk1.8.0_161\jre\bin\api-ms-win-core-profile-l1-1-0.dll
0x0000000002ad0000 - 0x0000000002ad3000 	C:\Program Files\Java\jdk1.8.0_161\jre\bin\api-ms-win-core-rtlsupport-l1-1-0.dll
0x0000000002ae0000 - 0x0000000002ae3000 	C:\Program Files\Java\jdk1.8.0_161\jre\bin\api-ms-win-core-string-l1-1-0.dll
0x0000000002af0000 - 0x0000000002af3000 	C:\Program Files\Java\jdk1.8.0_161\jre\bin\api-ms-win-core-synch-l1-1-0.dll
0x0000000002b00000 - 0x0000000002b03000 	C:\Program Files\Java\jdk1.8.0_161\jre\bin\api-ms-win-core-synch-l1-2-0.dll
0x0000000002b10000 - 0x0000000002b13000 	C:\Program Files\Java\jdk1.8.0_161\jre\bin\api-ms-win-core-sysinfo-l1-1-0.dll
0x0000000019540000 - 0x0000000019543000 	C:\Program Files\Java\jdk1.8.0_161\jre\bin\api-ms-win-core-timezone-l1-1-0.dll
0x0000000019550000 - 0x0000000019553000 	C:\Program Files\Java\jdk1.8.0_161\jre\bin\api-ms-win-core-util-l1-1-0.dll
0x0000000019560000 - 0x0000000019563000 	C:\Program Files\Java\jdk1.8.0_161\jre\bin\api-ms-win-crt-conio-l1-1-0.dll
0x0000000019570000 - 0x0000000019574000 	C:\Program Files\Java\jdk1.8.0_161\jre\bin\api-ms-win-crt-convert-l1-1-0.dll
0x0000000019580000 - 0x0000000019583000 	C:\Program Files\Java\jdk1.8.0_161\jre\bin\api-ms-win-crt-environment-l1-1-0.dll
0x0000000019590000 - 0x0000000019593000 	C:\Program Files\Java\jdk1.8.0_161\jre\bin\api-ms-win-crt-filesystem-l1-1-0.dll
0x00000000195a0000 - 0x00000000195a3000 	C:\Program Files\Java\jdk1.8.0_161\jre\bin\api-ms-win-crt-heap-l1-1-0.dll
0x00000000195b0000 - 0x00000000195b3000 	C:\Program Files\Java\jdk1.8.0_161\jre\bin\api-ms-win-crt-locale-l1-1-0.dll
0x00000000195c0000 - 0x00000000195c5000 	C:\Program Files\Java\jdk1.8.0_161\jre\bin\api-ms-win-crt-math-l1-1-0.dll
0x00000000195d0000 - 0x00000000195d5000 	C:\Program Files\Java\jdk1.8.0_161\jre\bin\api-ms-win-crt-multibyte-l1-1-0.dll
0x00000000195e0000 - 0x00000000195f0000 	C:\Program Files\Java\jdk1.8.0_161\jre\bin\api-ms-win-crt-private-l1-1-0.dll
0x00000000195f0000 - 0x00000000195f3000 	C:\Program Files\Java\jdk1.8.0_161\jre\bin\api-ms-win-crt-process-l1-1-0.dll
0x0000000019600000 - 0x0000000019604000 	C:\Program Files\Java\jdk1.8.0_161\jre\bin\api-ms-win-crt-runtime-l1-1-0.dll
0x0000000019610000 - 0x0000000019614000 	C:\Program Files\Java\jdk1.8.0_161\jre\bin\api-ms-win-crt-stdio-l1-1-0.dll
0x0000000019620000 - 0x0000000019624000 	C:\Program Files\Java\jdk1.8.0_161\jre\bin\api-ms-win-crt-string-l1-1-0.dll
0x0000000019630000 - 0x0000000019633000 	C:\Program Files\Java\jdk1.8.0_161\jre\bin\api-ms-win-crt-time-l1-1-0.dll
0x0000000019640000 - 0x0000000019643000 	C:\Program Files\Java\jdk1.8.0_161\jre\bin\api-ms-win-crt-utility-l1-1-0.dll
0x00007ffd67ba0000 - 0x00007ffd67c96000 	C:\Program Files\Java\jdk1.8.0_161\jre\bin\ucrtbase.dll
0x00007ffd7d2d0000 - 0x00007ffd7d321000 	C:\Program Files\Java\jdk1.8.0_161\jre\bin\concrt140.dll
0x00007ffd725d0000 - 0x00007ffd7266f000 	C:\WINDOWS\SYSTEM32\MSVCP140.dll
0x00007ffd81aa0000 - 0x00007ffd81ab6000 	C:\WINDOWS\SYSTEM32\VCRUNTIME140.dll
0x00007ffd81a20000 - 0x00007ffd81a36000 	C:\Program Files\Java\jdk1.8.0_161\jre\bin\vcruntime140.dll
0x00007ffd690e0000 - 0x00007ffd6917c000 	C:\Program Files\Java\jdk1.8.0_161\jre\bin\msvcp140.dll
0x000000006c4b0000 - 0x000000006c4d3000 	C:\Program Files\Java\jdk1.8.0_161\jre\bin\prism_d3d.dll
0x00007ffd60620000 - 0x00007ffd607b5000 	C:\WINDOWS\system32\d3d9.dll
0x00007ffd84950000 - 0x00007ffd8497a000 	C:\WINDOWS\SYSTEM32\dwmapi.dll
0x00007ffd846e0000 - 0x00007ffd84775000 	C:\WINDOWS\system32\uxtheme.dll
0x00007ffd48490000 - 0x00007ffd4dc7a000 	C:\WINDOWS\System32\DriverStore\FileRepository\atgh4627.inf_amd64_1a9e52b1bbedf409\igdumdim64.dll
0x00007ffd873c0000 - 0x00007ffd87485000 	C:\WINDOWS\System32\OLEAUT32.dll
0x00007ffd87530000 - 0x00007ffd87679000 	C:\WINDOWS\System32\ole32.dll
0x00007ffd87d30000 - 0x00007ffd8817e000 	C:\WINDOWS\System32\SETUPAPI.dll
0x000000006c460000 - 0x000000006c4a9000 	C:\Program Files\Java\jdk1.8.0_161\jre\bin\glass.dll
0x00007ffd872a0000 - 0x00007ffd873aa000 	C:\WINDOWS\System32\COMDLG32.dll
0x00007ffd88460000 - 0x00007ffd885c7000 	C:\WINDOWS\System32\MSCTF.dll
0x00007ffd599f0000 - 0x00007ffd59a99000 	C:\Program Files\Common Files\microsoft shared\ink\tiptsf.dll
0x00007ffd75550000 - 0x00007ffd766ae000 	C:\WINDOWS\System32\DriverStore\FileRepository\atgh4627.inf_amd64_1a9e52b1bbedf409\igc64.dll
0x000000006d8f0000 - 0x000000006d904000 	C:\Program Files\Java\jdk1.8.0_161\jre\bin\javafx_font.dll
0x00007ffd74c80000 - 0x00007ffd74f8f000 	C:\WINDOWS\SYSTEM32\dwrite.dll
0x00007ffd89cc0000 - 0x00007ffd89d5e000 	C:\WINDOWS\System32\clbcatq.dll
0x00007ffd781e0000 - 0x00007ffd7838b000 	C:\WINDOWS\SYSTEM32\WindowsCodecs.dll
0x00007ffd62030000 - 0x00007ffd6207f000 	C:\WINDOWS\system32\dataexchange.dll
0x00007ffd836a0000 - 0x00007ffd83982000 	C:\WINDOWS\system32\d3d11.dll
0x00007ffd84030000 - 0x00007ffd84172000 	C:\WINDOWS\system32\dcomp.dll
0x00007ffd84f00000 - 0x00007ffd84faf000 	C:\WINDOWS\system32\dxgi.dll
0x00007ffd84ad0000 - 0x00007ffd84c4b000 	C:\WINDOWS\system32\twinapi.appcore.dll
0x00007ffd84a80000 - 0x00007ffd84aa0000 	C:\WINDOWS\system32\RMCLIENT.dll
0x00007ffd85c50000 - 0x00007ffd85c75000 	C:\WINDOWS\system32\bcrypt.dll
0x00007ffd81fb0000 - 0x00007ffd81fe4000 	C:\Program Files\Common Files\Microsoft Shared\Ink\rtscom.dll
0x00007ffd7a550000 - 0x00007ffd7a5e8000 	C:\WINDOWS\System32\TextInputFramework.dll
0x00007ffd7a260000 - 0x00007ffd7a54e000 	C:\WINDOWS\System32\CoreUIComponents.dll
0x00007ffd83f50000 - 0x00007ffd8402c000 	C:\WINDOWS\System32\CoreMessaging.dll
0x00007ffd85220000 - 0x00007ffd85251000 	C:\WINDOWS\SYSTEM32\ntmarta.dll
0x00007ffd82950000 - 0x00007ffd82a86000 	C:\WINDOWS\SYSTEM32\wintypes.dll
0x000000006c430000 - 0x000000006c453000 	C:\Program Files\Java\jdk1.8.0_161\jre\bin\javafx_iio.dll
0x00007ffd78fe0000 - 0x00007ffd791e6000 	C:\Windows\System32\uiautomationcore.dll
0x00007ffd85f50000 - 0x00007ffd85fea000 	C:\WINDOWS\SYSTEM32\sxs.dll
0x00007ffd625a0000 - 0x00007ffd6260e000 	C:\WINDOWS\SYSTEM32\OLEACC.dll
0x000000006c410000 - 0x000000006c422000 	C:\Program Files\Java\jdk1.8.0_161\jre\bin\prism_common.dll
0x00007ffd85750000 - 0x00007ffd85806000 	C:\WINDOWS\SYSTEM32\DNSAPI.dll
0x00007ffd89d60000 - 0x00007ffd89d68000 	C:\WINDOWS\System32\NSI.dll
0x00007ffd85710000 - 0x00007ffd85749000 	C:\WINDOWS\SYSTEM32\IPHLPAPI.DLL
0x00007ffd7c3b0000 - 0x00007ffd7c3ba000 	C:\Windows\System32\rasadhlp.dll
0x00007ffd7c270000 - 0x00007ffd7c2e0000 	C:\WINDOWS\System32\fwpuclnt.dll
0x00007ffd85b40000 - 0x00007ffd85b57000 	C:\WINDOWS\SYSTEM32\CRYPTSP.dll

VM Arguments:
jvm_args: -javaagent:C:\Program Files\JetBrains\IntelliJ IDEA 2018.1\lib\idea_rt.jar=52994:C:\Program Files\JetBrains\IntelliJ IDEA 2018.1\bin -Dfile.encoding=UTF-8 
java_command: view.DayTripUI
java_class_path (initial): C:\Program Files\Java\jdk1.8.0_161\jre\lib\charsets.jar;C:\Program Files\Java\jdk1.8.0_161\jre\lib\deploy.jar;C:\Program Files\Java\jdk1.8.0_161\jre\lib\ext\access-bridge-64.jar;C:\Program Files\Java\jdk1.8.0_161\jre\lib\ext\cldrdata.jar;C:\Program Files\Java\jdk1.8.0_161\jre\lib\ext\dnsns.jar;C:\Program Files\Java\jdk1.8.0_161\jre\lib\ext\jaccess.jar;C:\Program Files\Java\jdk1.8.0_161\jre\lib\ext\jfxrt.jar;C:\Program Files\Java\jdk1.8.0_161\jre\lib\ext\localedata.jar;C:\Program Files\Java\jdk1.8.0_161\jre\lib\ext\nashorn.jar;C:\Program Files\Java\jdk1.8.0_161\jre\lib\ext\sunec.jar;C:\Program Files\Java\jdk1.8.0_161\jre\lib\ext\sunjce_provider.jar;C:\Program Files\Java\jdk1.8.0_161\jre\lib\ext\sunmscapi.jar;C:\Program Files\Java\jdk1.8.0_161\jre\lib\ext\sunpkcs11.jar;C:\Program Files\Java\jdk1.8.0_161\jre\lib\ext\zipfs.jar;C:\Program Files\Java\jdk1.8.0_161\jre\lib\javaws.jar;C:\Program Files\Java\jdk1.8.0_161\jre\lib\jce.jar;C:\Program Files\Java\jdk1.8.0_161\jre\lib\jfr.jar;C:\Program Files\Java\jdk1.8.0_161\jre\lib\jfxswt.jar;C:\Program Files\Java\jdk1.8.0_161\jre\lib\jsse.jar;C:\Program Files\Java\jdk1.8.0_161\jre\lib\management-agent.jar;C:\Program Files\Java\jdk1.8.0_161\jre\lib\plugin.jar;C:\Program Files\Java\jdk1.8.0_161\jre\lib\resources.jar;C:\Program Files\Java\jdk1.8.0_161\jre\lib\rt.jar;C:\Users\bjark\OneDrive\Documents\HI\Annað ár\Þróun Hugbúnaðar\HBV403.cluster3.D\is.hi.HBV403.cluster3.DayTrip\out\production\is.hi.HBV403.cluster3.DayTrip;C:\Users\bjark\OneDrive\Documents\HI\Annað ár\Þróun Hugbúnaðar\HBV403.cluster3.D\is.hi.HBV403.cluster3.DayTrip\lib\classmate-1.3.0.jar;C:\Users\bjark\OneDrive\Documents\HI\Annað ár\Þróun Hugbúnaðar\HBV403.cluster3.D\is.hi.HBV403.cluster3.DayTrip\lib\hibernate-commons-annotations-5.0.1.Final.jar;C:\Users\bjark\OneDrive\Documents\HI\Annað ár\Þróun Hugbúnaðar\HBV403.cluster3.D\is.hi.HBV403.cluster3.DayTrip\lib\antlr-2.7.7.jar;C:\Users\bjark\OneDrive\Documents\HI\Annað ár\Þróun Hugbúnaðar\HBV
Launcher Type: SUN_STANDARD

Environment Variables:
PATH=C:\Program Files\Haskell\bin;C:\Program Files\Haskell Platform\8.2.1\lib\extralibs\bin;C:\Program Files\Haskell Platform\8.2.1\bin;C:\Users\bjark\algs4\java\bin;C:\Users\bjark\introcs\java\bin;C:\ProgramData\Oracle\Java\javapath;C:\windows\system32;C:\windows;C:\windows\System32\Wbem;C:\windows\System32\WindowsPowerShell\v1.0\;C:\Program Files (x86)\Windows Kits\8.1\Windows Performance Toolkit\;C:\WINDOWS\system32;C:\WINDOWS;C:\WINDOWS\System32\Wbem;C:\WINDOWS\System32\WindowsPowerShell\v1.0\;C:\Program Files\Haskell Platform\8.2.1\mingw\bin;C:\Program Files\nodejs\;C:\Program Files\Git\cmd;C:\Program Files (x86)\MySQL\MySQL Utilities 1.6\;C:\Program Files\Java\jdk1.8.0_161\bin;C:\Users\bjark\AppData\Local\Programs\Python\Python36\Scripts\;C:\Users\bjark\AppData\Local\Programs\Python\Python36\;C:\Users\bjark\AppData\Roaming\cabal\bin;C:\Users\bjark\AppData\Roaming\local\bin;C:\Users\bjark\algs4\bin;C:\Users\bjark\algs4\java\bin;C:\Users\bjark\AppData\Local\Microsoft\WindowsApps;C:\MinGW\bin;C:\Users\bjark\AppData\Local\atom\bin;C:\CamlLight\bin;C:\Users\bjark\AppData\Local\GitHubDesktop\bin;C:\Users\bjark\AppData\Local\Microsoft\WindowsApps;C:\Program Files\Microsoft VS Code\bin;C:\Program Files\PostgreSQL\10\bin;C:\Users\bjark\AppData\Roaming\npm;C:\Program Files\Heroku\bin;C:\Program Files\Java\jre1.8.0_161\bin;
USERNAME=bjark
OS=Windows_NT
PROCESSOR_IDENTIFIER=Intel64 Family 6 Model 78 Stepping 3, GenuineIntel



---------------  S Y S T E M  ---------------

OS: Windows 10.0 , 64 bit Build 16299 (10.0.16299.15)

CPU:total 4 (initial active 4) (2 cores per cpu, 2 threads per core) family 6 model 78 stepping 3, cmov, cx8, fxsr, mmx, sse, sse2, sse3, ssse3, sse4.1, sse4.2, popcnt, avx, avx2, aes, clmul, erms, rtm, 3dnowpref, lzcnt, ht, tsc, tscinvbit, bmi1, bmi2, adx

Memory: 4k page, physical 4117596k(282660k free), swap 16700508k(6208k free)

vm_info: Java HotSpot(TM) 64-Bit Server VM (25.161-b12) for windows-amd64 JRE (1.8.0_161-b12), built on Dec 19 2017 17:52:25 by "java_re" with MS VC++ 10.0 (VS2010)

time: Fri Apr 13 11:47:32 2018
elapsed time: 13 seconds (0d 0h 0m 13s)

